0 info it worked if it ends with ok
1 verbose cli [ 'node', '/usr/local/bin/npm', 'install', 'chart.js', '--save' ]
2 info using npm@3.6.0
3 info using node@v0.10.26
4 silly loadCurrentTree Starting
5 silly install loadCurrentTree
6 silly install readLocalPackageData
7 silly fetchPackageMetaData chart.js
8 silly fetchOtherPackageData chart.js
9 silly cache add args [ 'chart.js', null ]
10 verbose cache add spec chart.js
11 silly cache add parsed spec { raw: 'chart.js',
11 silly cache add   scope: null,
11 silly cache add   name: null,
11 silly cache add   rawSpec: 'chart.js',
11 silly cache add   spec: '/Users/sammartino/portf/ff/frontend/static/js/chart.js',
11 silly cache add   type: 'local' }
12 silly addLocalTarball shasum (computed) a79e059d79321c79c398a66419763bf389e87e82
13 verbose addTmpTarball /Users/sammartino/portf/ff/frontend/static/js/chart.js not in flight; adding
14 verbose correctMkdir /Users/sammartino/.npm correctMkdir not in flight; initializing
15 verbose addTmpTarball validating metadata from /Users/sammartino/portf/ff/frontend/static/js/chart.js
16 verbose tar unpack /Users/sammartino/portf/ff/frontend/static/js/chart.js
17 verbose tar unpacking to /var/folders/tp/cxsft9_x0pjg39n369yt8z480000gn/T/npm-27751-c5eb0268/unpack-5776de57
18 silly gentlyRm /var/folders/tp/cxsft9_x0pjg39n369yt8z480000gn/T/npm-27751-c5eb0268/unpack-5776de57 is being purged
19 verbose gentlyRm don't care about contents; nuking /var/folders/tp/cxsft9_x0pjg39n369yt8z480000gn/T/npm-27751-c5eb0268/unpack-5776de57
20 silly gunzTarPerm modes [ '755', '644' ]
21 error not a package /Users/sammartino/portf/ff/frontend/static/js/chart.js
22 error addLocal Could not install /Users/sammartino/portf/ff/frontend/static/js/chart.js
23 silly fetchPackageMetaData Error: ENOENT, open '/var/folders/tp/cxsft9_x0pjg39n369yt8z480000gn/T/npm-27751-c5eb0268/unpack-5776de57/package.json'
23 silly fetchPackageMetaData  error for chart.js { [Error: ENOENT, open '/var/folders/tp/cxsft9_x0pjg39n369yt8z480000gn/T/npm-27751-c5eb0268/unpack-5776de57/package.json']
23 silly fetchPackageMetaData   errno: 34,
23 silly fetchPackageMetaData   code: 'ENOENT',
23 silly fetchPackageMetaData   path: '/var/folders/tp/cxsft9_x0pjg39n369yt8z480000gn/T/npm-27751-c5eb0268/unpack-5776de57/package.json' }
24 silly rollbackFailedOptional Starting
25 silly rollbackFailedOptional Finishing
26 silly runTopLevelLifecycles Starting
27 silly runTopLevelLifecycles Finishing
28 silly install printInstalled
29 verbose stack Error: ENOENT, open '/var/folders/tp/cxsft9_x0pjg39n369yt8z480000gn/T/npm-27751-c5eb0268/unpack-5776de57/package.json'
30 verbose cwd /Users/sammartino/portf/ff/frontend/static/js
31 error Darwin 14.5.0
32 error argv "node" "/usr/local/bin/npm" "install" "chart.js" "--save"
33 error node v0.10.26
34 error npm  v3.6.0
35 error path /var/folders/tp/cxsft9_x0pjg39n369yt8z480000gn/T/npm-27751-c5eb0268/unpack-5776de57/package.json
36 error code ENOENT
37 error errno 34
38 error enoent ENOENT, open '/var/folders/tp/cxsft9_x0pjg39n369yt8z480000gn/T/npm-27751-c5eb0268/unpack-5776de57/package.json'
39 error enoent ENOENT, open '/var/folders/tp/cxsft9_x0pjg39n369yt8z480000gn/T/npm-27751-c5eb0268/unpack-5776de57/package.json'
39 error enoent This is most likely not a problem with npm itself
39 error enoent and is related to npm not being able to find a file.
40 verbose exit [ 34, true ]
